<?xml version="1.0" encoding="UTF-8" ?>
<testsuites>
  <testsuite errors="0" failures="0" hostname="frank-MLIN" id="0" name="LLVMBackendTest" package="swp_compiler_ss13.fuc.backend" tests="43" time="0.142" timestamp="2013-05-28T12:56:43">
      <properties>
[...]
</properties>

      <testcase classname="swp_compiler_ss13.fuc.backend.LLVMBackendTest" name="generateTargetCodeTest_DeclareDouble" time="0.014" />

      <testcase classname="swp_compiler_ss13.fuc.backend.LLVMBackendTest" name="generateTargetCodeTest_DeclareBoolean" time="0.0" />

      <testcase classname="swp_compiler_ss13.fuc.backend.LLVMBackendTest" name="generateTargetCodeTest_DeclareString" time="0.0" />

      <testcase classname="swp_compiler_ss13.fuc.backend.LLVMBackendTest" name="generateTargetCodeTest_AssignDouble_Var" time="0.001" />

      <testcase classname="swp_compiler_ss13.fuc.backend.LLVMBackendTest" name="generateTargetCodeTest_MulDouble_Const" time="0.0" />

      <testcase classname="swp_compiler_ss13.fuc.backend.LLVMBackendTest" name="generateTargetCodeTest_SubLong_Var" time="0.0" />

      <testcase classname="swp_compiler_ss13.fuc.backend.LLVMBackendTest" name="generateTargetCodeTest_Return_Var" time="0.0" />

      <testcase classname="swp_compiler_ss13.fuc.backend.LLVMBackendTest" name="generateTargetCodeTest_AddLong_Const" time="0.001" />

      <testcase classname="swp_compiler_ss13.fuc.backend.LLVMBackendTest" name="generateTargetCodeTest_LongToDouble" time="0.0" />

      <testcase classname="swp_compiler_ss13.fuc.backend.LLVMBackendTest" name="generateTargetCodeTest_SubLong_Const" time="0.0" />

      <testcase classname="swp_compiler_ss13.fuc.backend.LLVMBackendTest" name="generateTargetCodeTest_DeclareLong_InitVar" time="0.0" />

      <testcase classname="swp_compiler_ss13.fuc.backend.LLVMBackendTest" name="generateTargetCodeTest_DeclareBoolean_InitConst_True" time="0.0" />

      <testcase classname="swp_compiler_ss13.fuc.backend.LLVMBackendTest" name="generateTargetCodeTest_AddDouble_Const" time="0.0" />

      <testcase classname="swp_compiler_ss13.fuc.backend.LLVMBackendTest" name="generateTargetCodeTest_MulLong_Var" time="0.0" />

      <testcase classname="swp_compiler_ss13.fuc.backend.LLVMBackendTest" name="generateTargetCodeTest_DeclareBoolean_InitVar" time="0.001" />

      <testcase classname="swp_compiler_ss13.fuc.backend.LLVMBackendTest" name="generateTargetCodeTest_AddDouble_Var" time="0.002" />

      <testcase classname="swp_compiler_ss13.fuc.backend.LLVMBackendTest" name="generateTargetCodeTest_AssignString_Var" time="0.0" />

      <testcase classname="swp_compiler_ss13.fuc.backend.LLVMBackendTest" name="generateTargetCodeTest_DeclareDouble_InitConst" time="0.0" />

      <testcase classname="swp_compiler_ss13.fuc.backend.LLVMBackendTest" name="generateTargetCodeTest_DivLong_Var" time="0.001" />

      <testcase classname="swp_compiler_ss13.fuc.backend.LLVMBackendTest" name="generateTargetCodeTest_AssignBoolean_Const_False" time="0.0" />

      <testcase classname="swp_compiler_ss13.fuc.backend.LLVMBackendTest" name="generateTargetCodeTest_MulLong_Const" time="0.0" />

      <testcase classname="swp_compiler_ss13.fuc.backend.LLVMBackendTest" name="generateTargetCodeTest_AssignString_Const" time="0.001" />

      <testcase classname="swp_compiler_ss13.fuc.backend.LLVMBackendTest" name="generateTargetCodeTest_DoubleToLong" time="0.0" />

      <testcase classname="swp_compiler_ss13.fuc.backend.LLVMBackendTest" name="generateTargetCodeTest_DeclareString_InitConst" time="0.0" />

      <testcase classname="swp_compiler_ss13.fuc.backend.LLVMBackendTest" name="generateTargetCodeTest_DeclareLong_InitConst" time="0.0" />

      <testcase classname="swp_compiler_ss13.fuc.backend.LLVMBackendTest" name="generateTargetCodeTest_AddLong_Var" time="0.001" />

      <testcase classname="swp_compiler_ss13.fuc.backend.LLVMBackendTest" name="generateTargetCodeTest_SubDouble_Var" time="0.0" />

      <testcase classname="swp_compiler_ss13.fuc.backend.LLVMBackendTest" name="generateTargetCodeTest_Return_Const" time="0.0" />

      <testcase classname="swp_compiler_ss13.fuc.backend.LLVMBackendTest" name="generateTargetCodeTest_DivLong_Const" time="0.001" />

      <testcase classname="swp_compiler_ss13.fuc.backend.LLVMBackendTest" name="generateTargetCodeTest_DivDouble_Const" time="0.0" />

      <testcase classname="swp_compiler_ss13.fuc.backend.LLVMBackendTest" name="generateTargetCodeTest_DeclareString_InitVar" time="0.0" />

      <testcase classname="swp_compiler_ss13.fuc.backend.LLVMBackendTest" name="generateTargetCodeTest_AssignLong_Var" time="0.0" />

      <testcase classname="swp_compiler_ss13.fuc.backend.LLVMBackendTest" name="generateTargetCodeTest_DeclareDouble_InitVar" time="0.001" />

      <testcase classname="swp_compiler_ss13.fuc.backend.LLVMBackendTest" name="generateTargetCodeTest_AssignBoolean_Const_True" time="0.0" />

      <testcase classname="swp_compiler_ss13.fuc.backend.LLVMBackendTest" name="generateTargetCodeTest_AssignLong_Const" time="0.0" />

      <testcase classname="swp_compiler_ss13.fuc.backend.LLVMBackendTest" name="generateTargetCodeTest_AssignBoolean_Var" time="0.0" />

      <testcase classname="swp_compiler_ss13.fuc.backend.LLVMBackendTest" name="generateTargetCodeTest_AssignDouble_Const" time="0.001" />

      <testcase classname="swp_compiler_ss13.fuc.backend.LLVMBackendTest" name="generateTargetCodeTest_MulDouble_Var" time="0.0" />

      <testcase classname="swp_compiler_ss13.fuc.backend.LLVMBackendTest" name="generateTargetCodeTest_DeclareLong" time="0.0" />

      <testcase classname="swp_compiler_ss13.fuc.backend.LLVMBackendTest" name="generateTargetCodeTest_AssignWithoutDeclaration" time="0.0" />

      <testcase classname="swp_compiler_ss13.fuc.backend.LLVMBackendTest" name="generateTargetCodeTest_SubDouble_Const" time="0.0" />

      <testcase classname="swp_compiler_ss13.fuc.backend.LLVMBackendTest" name="generateTargetCodeTest_DeclareBoolean_InitConst_False" time="0.0" />

      <testcase classname="swp_compiler_ss13.fuc.backend.LLVMBackendTest" name="generateTargetCodeTest_DivDouble_Var" time="0.0" />

      <system-out />

      <system-err />

  </testsuite>
  <testsuite errors="0" failures="0" hostname="frank-MLIN" id="1" name="ModuleTest" package="swp_compiler_ss13.fuc.backend" tests="4" time="0.095" timestamp="2013-05-28T12:56:44">
      <properties>
[...]
</properties>

      <testcase classname="swp_compiler_ss13.fuc.backend.ModuleTest" name="getIRTypeDoubleTest" time="0.016" />

      <testcase classname="swp_compiler_ss13.fuc.backend.ModuleTest" name="getIRTypeLongTest" time="0.0" />

      <testcase classname="swp_compiler_ss13.fuc.backend.ModuleTest" name="Test" time="0.0" />

      <testcase classname="swp_compiler_ss13.fuc.backend.ModuleTest" name="generateTest" time="0.001" />

      <system-out />

      <system-err />

  </testsuite>
</testsuites>
